<?xml version="1.0" encoding="UTF-8" ?>
<testsuite tests="2" failures="0" name="io.gumga.validation.validator.common.FieldWithoutErrorsValidatorTest" time="0.003" errors="0" skipped="0">
  <properties>
[...]
</properties>
  <testcase classname="io.gumga.validation.validator.common.FieldWithoutErrorsValidatorTest" name="should_be_invalid_if_the_specified_field_has_error" time="0.003"/>
  <testcase classname="io.gumga.validation.validator.common.FieldWithoutErrorsValidatorTest" name="should_be_valid_if_the_specified_field_has_no_error" time="0"/>
</testsuite>